Determining if the pthread_create exist failed with the following output:
Change Dir: /home/sz/braveheart_ws/build/CMakeFiles/CMakeTmp

Run Build Command:"/usr/bin/make" "cmTC_0be86/fast"
/usr/bin/make -f CMakeFiles/cmTC_0be86.dir/build.make CMakeFiles/cmTC_0be86.dir/build
make[1]: Entering directory '/home/sz/braveheart_ws/build/CMakeFiles/CMakeTmp'
Building C object CMakeFiles/cmTC_0be86.dir/CheckSymbolExists.c.o
/usr/bin/cc     -o CMakeFiles/cmTC_0be86.dir/CheckSymbolExists.c.o   -c /home/sz/braveheart_ws/build/CMakeFiles/CMakeTmp/CheckSymbolExists.c
Linking C executable cmTC_0be86
/usr/bin/cmake -E cmake_link_script CMakeFiles/cmTC_0be86.dir/link.txt --verbose=1
/usr/bin/cc       CMakeFiles/cmTC_0be86.dir/CheckSymbolExists.c.o  -o cmTC_0be86 -rdynamic 
CMakeFiles/cmTC_0be86.dir/CheckSymbolExists.c.o：在函数‘main’中：
CheckSymbolExists.c:(.text+0x16)：对‘pthread_create’未定义的引用
collect2: error: ld returned 1 exit status
CMakeFiles/cmTC_0be86.dir/build.make:97: recipe for target 'cmTC_0be86' failed
make[1]: *** [cmTC_0be86] Error 1
make[1]: Leaving directory '/home/sz/braveheart_ws/build/CMakeFiles/CMakeTmp'
Makefile:126: recipe for target 'cmTC_0be86/fast' failed
make: *** [cmTC_0be86/fast] Error 2

File /home/sz/braveheart_ws/build/CMakeFiles/CMakeTmp/CheckSymbolExists.c:
/* */
#include <pthread.h>

int main(int argc, char** argv)
{
  (void)argv;
#ifndef pthread_create
  return ((int*)(&pthread_create))[argc];
#else
  (void)argc;
  return 0;
#endif
}

Determining if the function pthread_create exists in the pthreads failed with the following output:
Change Dir: /home/sz/braveheart_ws/build/CMakeFiles/CMakeTmp

Run Build Command:"/usr/bin/make" "cmTC_ebba5/fast"
/usr/bin/make -f CMakeFiles/cmTC_ebba5.dir/build.make CMakeFiles/cmTC_ebba5.dir/build
make[1]: Entering directory '/home/sz/braveheart_ws/build/CMakeFiles/CMakeTmp'
Building C object CMakeFiles/cmTC_ebba5.dir/CheckFunctionExists.c.o
/usr/bin/cc    -DCHECK_FUNCTION_EXISTS=pthread_create   -o CMakeFiles/cmTC_ebba5.dir/CheckFunctionExists.c.o   -c /usr/share/cmake-3.5/Modules/CheckFunctionExists.c
Linking C executable cmTC_ebba5
/usr/bin/cmake -E cmake_link_script CMakeFiles/cmTC_ebba5.dir/link.txt --verbose=1
/usr/bin/cc   -DCHECK_FUNCTION_EXISTS=pthread_create    CMakeFiles/cmTC_ebba5.dir/CheckFunctionExists.c.o  -o cmTC_ebba5 -rdynamic -lpthreads 
/usr/bin/ld: 找不到 -lpthreads
collect2: error: ld returned 1 exit status
CMakeFiles/cmTC_ebba5.dir/build.make:97: recipe for target 'cmTC_ebba5' failed
make[1]: *** [cmTC_ebba5] Error 1
make[1]: Leaving directory '/home/sz/braveheart_ws/build/CMakeFiles/CMakeTmp'
Makefile:126: recipe for target 'cmTC_ebba5/fast' failed
make: *** [cmTC_ebba5/fast] Error 2


Determining if the include file pgm.h exists failed with the following output:
Change Dir: /home/sz/braveheart_ws/build/CMakeFiles/CMakeTmp

Run Build Command:"/usr/bin/make" "cmTC_b463e/fast"
/usr/bin/make -f CMakeFiles/cmTC_b463e.dir/build.make CMakeFiles/cmTC_b463e.dir/build
make[1]: Entering directory '/home/sz/braveheart_ws/build/CMakeFiles/CMakeTmp'
Building CXX object CMakeFiles/cmTC_b463e.dir/CheckIncludeFile.cxx.o
/usr/bin/c++      -o CMakeFiles/cmTC_b463e.dir/CheckIncludeFile.cxx.o -c /home/sz/braveheart_ws/build/CMakeFiles/CMakeTmp/CheckIncludeFile.cxx
/home/sz/braveheart_ws/build/CMakeFiles/CMakeTmp/CheckIncludeFile.cxx:1:17: fatal error: pgm.h: 没有那个文件或目录
compilation terminated.
CMakeFiles/cmTC_b463e.dir/build.make:65: recipe for target 'CMakeFiles/cmTC_b463e.dir/CheckIncludeFile.cxx.o' failed
make[1]: *** [CMakeFiles/cmTC_b463e.dir/CheckIncludeFile.cxx.o] Error 1
make[1]: Leaving directory '/home/sz/braveheart_ws/build/CMakeFiles/CMakeTmp'
Makefile:126: recipe for target 'cmTC_b463e/fast' failed
make: *** [cmTC_b463e/fast] Error 2


